# JRE version: Java(TM) SE Runtime Environment (17.0.7+8) (build 17.0.7+8-LTS-224)
# Java VM: Java HotSpot(TM) 64-Bit Server VM (17.0.7+8-LTS-224, mixed mode, sharing, tiered, compressed oops, compressed class ptrs, g1 gc, windows-amd64)
GC Precious Log:
 CPUs: 16 total, 16 available
 Memory: 15724M
 Large Page Support: Disabled
 NUMA Support: Disabled
 Compressed Oops: Enabled (32-bit)
 Heap Region Size: 1M
 Heap Min Capacity: 256M
 Heap Initial Capacity: 256M
 Heap Max Capacity: 512M
 Pre-touch: Disabled
 Parallel Workers: 13
 Concurrent Workers: 3
 Concurrent Refinement Workers: 13
 Periodic GC: Disabled
Heap:
 garbage-first heap   total 288768K, used 182127K [0x00000000e0000000, 0x0000000100000000)
  region size 1024K, 59 young (60416K), 1 survivors (1024K)
 Metaspace       used 91872K, committed 93248K, reserved 405504K
  class space    used 11860K, committed 12416K, reserved 315392K
GC Heap History (20 events):
Event: 133.398 GC heap before
{Heap before GC invocations=78 (full 0):
 garbage-first heap   total 288768K, used 240244K [0x00000000e0000000, 0x0000000100000000)
  region size 1024K, 99 young (101376K), 13 survivors (13312K)
 Metaspace       used 91937K, committed 92928K, reserved 397312K
  class space    used 11865K, committed 12416K, reserved 315392K
}
Event: 133.405 GC heap after
{Heap after GC invocations=79 (full 0):
 garbage-first heap   total 288768K, used 161183K [0x00000000e0000000, 0x0000000100000000)
  region size 1024K, 10 young (10240K), 10 survivors (10240K)
 Metaspace       used 91937K, committed 92928K, reserved 397312K
  class space    used 11865K, committed 12416K, reserved 315392K
}
Event: 133.809 GC heap before
{Heap before GC invocations=80 (full 0):
 garbage-first heap   total 288768K, used 236959K [0x00000000e0000000, 0x0000000100000000)
  region size 1024K, 86 young (88064K), 10 survivors (10240K)
 Metaspace       used 91937K, committed 92928K, reserved 397312K
  class space    used 11865K, committed 12416K, reserved 315392K
}
Event: 133.814 GC heap after
{Heap after GC invocations=81 (full 0):
 garbage-first heap   total 288768K, used 162769K [0x00000000e0000000, 0x0000000100000000)
  region size 1024K, 4 young (4096K), 4 survivors (4096K)
 Metaspace       used 91937K, committed 92928K, reserved 397312K
  class space    used 11865K, committed 12416K, reserved 315392K
}
Event: 133.853 GC heap before
{Heap before GC invocations=81 (full 0):
 garbage-first heap   total 288768K, used 173009K [0x00000000e0000000, 0x0000000100000000)
  region size 1024K, 14 young (14336K), 4 survivors (4096K)
 Metaspace       used 91938K, committed 92928K, reserved 397312K
  class space    used 11865K, committed 12416K, reserved 315392K
}
Event: 133.859 GC heap after
{Heap after GC invocations=82 (full 0):
 garbage-first heap   total 288768K, used 142947K [0x00000000e0000000, 0x0000000100000000)
  region size 1024K, 2 young (2048K), 2 survivors (2048K)
 Metaspace       used 91938K, committed 92928K, reserved 397312K
  class space    used 11865K, committed 12416K, reserved 315392K
}
Event: 133.901 GC heap before
{Heap before GC invocations=82 (full 0):
 garbage-first heap   total 288768K, used 155235K [0x00000000e0000000, 0x0000000100000000)
  region size 1024K, 14 young (14336K), 2 survivors (2048K)
 Metaspace       used 91938K, committed 92928K, reserved 397312K
  class space    used 11865K, committed 12416K, reserved 315392K
}
Event: 133.907 GC heap after
{Heap after GC invocations=83 (full 0):
 garbage-first heap   total 288768K, used 134942K [0x00000000e0000000, 0x0000000100000000)
  region size 1024K, 2 young (2048K), 2 survivors (2048K)
 Metaspace       used 91938K, committed 92928K, reserved 397312K
  class space    used 11865K, committed 12416K, reserved 315392K
}
Event: 135.038 GC heap before
{Heap before GC invocations=83 (full 0):
 garbage-first heap   total 288768K, used 240414K [0x00000000e0000000, 0x0000000100000000)
  region size 1024K, 105 young (107520K), 2 survivors (2048K)
 Metaspace       used 92040K, committed 93056K, reserved 397312K
  class space    used 11872K, committed 12416K, reserved 315392K
}
Event: 135.044 GC heap after
{Heap after GC invocations=84 (full 0):
 garbage-first heap   total 288768K, used 160069K [0x00000000e0000000, 0x0000000100000000)
  region size 1024K, 14 young (14336K), 14 survivors (14336K)
 Metaspace       used 92040K, committed 93056K, reserved 397312K
  class space    used 11872K, committed 12416K, reserved 315392K
}
Event: 135.204 GC heap before
{Heap before GC invocations=84 (full 0):
 garbage-first heap   total 288768K, used 227653K [0x00000000e0000000, 0x0000000100000000)
  region size 1024K, 80 young (81920K), 14 survivors (14336K)
 Metaspace       used 92088K, committed 93056K, reserved 397312K
  class space    used 11877K, committed 12416K, reserved 315392K
}
Event: 135.212 GC heap after
{Heap after GC invocations=85 (full 0):
 garbage-first heap   total 288768K, used 172301K [0x00000000e0000000, 0x0000000100000000)
  region size 1024K, 10 young (10240K), 10 survivors (10240K)
 Metaspace       used 92088K, committed 93056K, reserved 397312K
  class space    used 11877K, committed 12416K, reserved 315392K
}
Event: 135.693 GC heap before
{Heap before GC invocations=85 (full 0):
 garbage-first heap   total 288768K, used 230669K [0x00000000e0000000, 0x0000000100000000)
  region size 1024K, 67 young (68608K), 10 survivors (10240K)
 Metaspace       used 93390K, committed 94208K, reserved 405504K
  class space    used 12029K, committed 12416K, reserved 315392K
}
Event: 135.697 GC heap after
{Heap after GC invocations=86 (full 0):
 garbage-first heap   total 288768K, used 175279K [0x00000000e0000000, 0x0000000100000000)
  region size 1024K, 2 young (2048K), 2 survivors (2048K)
 Metaspace       used 93390K, committed 94208K, reserved 405504K
  class space    used 12029K, committed 12416K, reserved 315392K
}
Event: 135.922 GC heap before
{Heap before GC invocations=87 (full 0):
 garbage-first heap   total 288768K, used 219311K [0x00000000e0000000, 0x0000000100000000)
  region size 1024K, 61 young (62464K), 2 survivors (2048K)
 Metaspace       used 91758K, committed 93248K, reserved 405504K
  class space    used 11847K, committed 12416K, reserved 315392K
}
Event: 135.924 GC heap after
{Heap after GC invocations=88 (full 0):
 garbage-first heap   total 288768K, used 160992K [0x00000000e0000000, 0x0000000100000000)
  region size 1024K, 5 young (5120K), 5 survivors (5120K)
 Metaspace       used 91758K, committed 93248K, reserved 405504K
  class space    used 11847K, committed 12416K, reserved 315392K
}
Event: 135.942 GC heap before
{Heap before GC invocations=88 (full 0):
 garbage-first heap   total 288768K, used 170208K [0x00000000e0000000, 0x0000000100000000)
  region size 1024K, 14 young (14336K), 5 survivors (5120K)
 Metaspace       used 91758K, committed 93248K, reserved 405504K
  class space    used 11847K, committed 12416K, reserved 315392K
}
Event: 135.945 GC heap after
{Heap after GC invocations=89 (full 0):
 garbage-first heap   total 288768K, used 132573K [0x00000000e0000000, 0x0000000100000000)
  region size 1024K, 1 young (1024K), 1 survivors (1024K)
 Metaspace       used 91758K, committed 93248K, reserved 405504K
  class space    used 11847K, committed 12416K, reserved 315392K
}
Event: 135.975 GC heap before
{Heap before GC invocations=89 (full 0):
 garbage-first heap   total 288768K, used 145885K [0x00000000e0000000, 0x0000000100000000)
  region size 1024K, 14 young (14336K), 1 survivors (1024K)
 Metaspace       used 91758K, committed 93248K, reserved 405504K
  class space    used 11847K, committed 12416K, reserved 315392K
}
Event: 135.978 GC heap after
{Heap after GC invocations=90 (full 0):
 garbage-first heap   total 288768K, used 123759K [0x00000000e0000000, 0x0000000100000000)
  region size 1024K, 1 young (1024K), 1 survivors (1024K)
 Metaspace       used 91758K, committed 93248K, reserved 405504K
  class space    used 11847K, committed 12416K, reserved 315392K
}

